<?xml version="1.0" encoding="UTF-8"?>
<testng-results ignored="0" total="2" passed="2" failed="0" skipped="0">
  <reporter-output>
  </reporter-output>
  <suite started-at="2022-10-14T01:10:16 IST" name="Default suite" finished-at="2022-10-14T01:10:28 IST" duration-ms="11803">
    <groups>
    </groups>
    <test started-at="2022-10-14T01:10:16 IST" name="Default test" finished-at="2022-10-14T01:10:28 IST" duration-ms="11803">
      <class name="com.Testing.main">
        <test-method is-config="true" signature="start()[pri:0, instance:com.Testing.main@f736069]" started-at="2022-10-14T01:10:16 IST" name="start" finished-at="2022-10-14T01:10:21 IST" duration-ms="4655" status="PASS">
          <reporter-output>
          </reporter-output>
        </test-method> <!-- start -->
        <test-method signature="signupform()[pri:0, instance:com.Testing.main@f736069]" started-at="2022-10-14T01:10:21 IST" name="signupform" finished-at="2022-10-14T01:10:25 IST" duration-ms="4200" status="PASS">
          <reporter-output>
          </reporter-output>
        </test-method> <!-- signupform -->
        <test-method signature="ApplyAdharCrad()[pri:1, instance:com.Testing.main@f736069]" started-at="2022-10-14T01:10:25 IST" name="ApplyAdharCrad" finished-at="2022-10-14T01:10:28 IST" duration-ms="2867" status="PASS">
          <reporter-output>
          </reporter-output>
        </test-method> <!-- ApplyAdharCrad -->
      </class> <!-- com.Testing.main -->
    </test> <!-- Default test -->
  </suite> <!-- Default suite -->
</testng-results>
